

============================== 2022-03-05 19:55:37.363905 | f86a2211-9408-486e-9734-a37a63758990 ==============================
19:55:37.363905 [info ] [MainThread]: Running with dbt=1.0.3
19:55:37.364521 [debug] [MainThread]: running dbt with arguments Namespace(record_timing_info=None, debug=None, log_format=None, write_json=None, use_colors=None, printer_width=None, warn_error=None, version_check=None, partial_parse=None, single_threaded=False, use_experimental_parser=None, static_parser=None, profiles_dir='/home/euel/.dbt', send_anonymous_usage_stats=None, fail_fast=None, event_buffer_size=None, project_dir=None, profile=None, target=None, vars='{}', log_cache_events=False, project_name='adludio', skip_profile_setup=False, defer=None, state=None, cls=<class 'dbt.task.init.InitTask'>, which='init', rpc_method=None)
19:55:37.364817 [debug] [MainThread]: Tracking: tracking
19:55:37.368902 [debug] [MainThread]: Sending event: {'category': 'dbt', 'action': 'invocation', 'label': 'start', 'context': [<snowplow_tracker.self_describing_json.SelfDescribingJson object at 0x7f583432f6d0>, <snowplow_tracker.self_describing_json.SelfDescribingJson object at 0x7f583432f8e0>, <snowplow_tracker.self_describing_json.SelfDescribingJson object at 0x7f583432f670>]}
19:55:37.370477 [debug] [MainThread]: Starter project path: /opt/miniconda/lib/python3.9/site-packages/dbt/include/starter_project
19:55:52.414992 [info ] [MainThread]: 
Your new dbt project "adludio" was created!

For more information on how to configure the profiles.yml file,
please consult the dbt documentation here:

  https://docs.getdbt.com/docs/configure-your-profile

One more thing:

Need help? Don't hesitate to reach out to us via GitHub issues or on Slack:

  https://community.getdbt.com/

Happy modeling!

19:55:52.415729 [debug] [MainThread]: Sending event: {'category': 'dbt', 'action': 'invocation', 'label': 'end', 'context': [<snowplow_tracker.self_describing_json.SelfDescribingJson object at 0x7f583432ff40>, <snowplow_tracker.self_describing_json.SelfDescribingJson object at 0x7f583432f9d0>, <snowplow_tracker.self_describing_json.SelfDescribingJson object at 0x7f583432f6d0>]}


============================== 2022-03-05 20:19:58.966585 | 5b219058-29f7-4cf1-9c99-bb856f4ec404 ==============================
20:19:58.966585 [info ] [MainThread]: Running with dbt=1.0.3
20:19:58.967214 [debug] [MainThread]: running dbt with arguments Namespace(record_timing_info=None, debug=None, log_format=None, write_json=None, use_colors=None, printer_width=None, warn_error=None, version_check=None, partial_parse=None, single_threaded=False, use_experimental_parser=None, static_parser=None, profiles_dir='/home/euel/.dbt', send_anonymous_usage_stats=None, fail_fast=None, event_buffer_size=None, project_dir=None, profile=None, target=None, vars='{}', log_cache_events=False, config_dir=False, defer=None, state=None, cls=<class 'dbt.task.debug.DebugTask'>, which='debug', rpc_method=None)
20:19:58.967510 [debug] [MainThread]: Tracking: tracking
20:19:58.971700 [debug] [MainThread]: Sending event: {'category': 'dbt', 'action': 'invocation', 'label': 'start', 'context': [<snowplow_tracker.self_describing_json.SelfDescribingJson object at 0x7fb7f666d6a0>, <snowplow_tracker.self_describing_json.SelfDescribingJson object at 0x7fb7f666d8e0>, <snowplow_tracker.self_describing_json.SelfDescribingJson object at 0x7fb7f666d730>]}
20:19:59.038849 [debug] [MainThread]: Executing "git --help"
20:19:59.044034 [debug] [MainThread]: STDOUT: "b"usage: git [--version] [--help] [-C <path>] [-c <name>=<value>]\n           [--exec-path[=<path>]] [--html-path] [--man-path] [--info-path]\n           [-p | --paginate | -P | --no-pager] [--no-replace-objects] [--bare]\n           [--git-dir=<path>] [--work-tree=<path>] [--namespace=<name>]\n           [--super-prefix=<path>] [--config-env=<name>=<envvar>]\n           <command> [<args>]\n\nThese are common Git commands used in various situations:\n\nstart a working area (see also: git help tutorial)\n   clone             Clone a repository into a new directory\n   init              Create an empty Git repository or reinitialize an existing one\n\nwork on the current change (see also: git help everyday)\n   add               Add file contents to the index\n   mv                Move or rename a file, a directory, or a symlink\n   restore           Restore working tree files\n   rm                Remove files from the working tree and from the index\n   sparse-checkout   Initialize and modify the sparse-checkout\n\nexamine the history and state (see also: git help revisions)\n   bisect            Use binary search to find the commit that introduced a bug\n   diff              Show changes between commits, commit and working tree, etc\n   grep              Print lines matching a pattern\n   log               Show commit logs\n   show              Show various types of objects\n   status            Show the working tree status\n\ngrow, mark and tweak your common history\n   branch            List, create, or delete branches\n   commit            Record changes to the repository\n   merge             Join two or more development histories together\n   rebase            Reapply commits on top of another base tip\n   reset             Reset current HEAD to the specified state\n   switch            Switch branches\n   tag               Create, list, delete or verify a tag object signed with GPG\n\ncollaborate (see also: git help workflows)\n   fetch             Download objects and refs from another repository\n   pull              Fetch from and integrate with another repository or a local branch\n   push              Update remote refs along with associated objects\n\n'git help -a' and 'git help -g' list available subcommands and some\nconcept guides. See 'git help <command>' or 'git help <concept>'\nto read about a specific subcommand or concept.\nSee 'git help git' for an overview of the system.\n""
20:19:59.044721 [debug] [MainThread]: STDERR: "b''"
20:19:59.045496 [debug] [MainThread]: Sending event: {'category': 'dbt', 'action': 'invocation', 'label': 'end', 'context': [<snowplow_tracker.self_describing_json.SelfDescribingJson object at 0x7fb7f4bf2160>, <snowplow_tracker.self_describing_json.SelfDescribingJson object at 0x7fb7f6670c70>, <snowplow_tracker.self_describing_json.SelfDescribingJson object at 0x7fb7f6670fd0>]}


============================== 2022-03-05 20:23:19.973039 | 2d031e22-3d80-43dd-92be-019b433ecbbf ==============================
20:23:19.973039 [info ] [MainThread]: Running with dbt=1.0.3
20:23:19.973675 [debug] [MainThread]: running dbt with arguments Namespace(record_timing_info=None, debug=None, log_format=None, write_json=None, use_colors=None, printer_width=None, warn_error=None, version_check=None, partial_parse=None, single_threaded=False, use_experimental_parser=None, static_parser=None, profiles_dir='/home/euel/.dbt', send_anonymous_usage_stats=None, fail_fast=None, event_buffer_size=None, project_dir=None, profile=None, target=None, vars='{}', log_cache_events=False, config_dir=False, defer=None, state=None, cls=<class 'dbt.task.debug.DebugTask'>, which='debug', rpc_method=None)
20:23:19.973983 [debug] [MainThread]: Tracking: tracking
20:23:19.978198 [debug] [MainThread]: Sending event: {'category': 'dbt', 'action': 'invocation', 'label': 'start', 'context': [<snowplow_tracker.self_describing_json.SelfDescribingJson object at 0x7f58e17ec760>, <snowplow_tracker.self_describing_json.SelfDescribingJson object at 0x7f58e17ec820>, <snowplow_tracker.self_describing_json.SelfDescribingJson object at 0x7f58e17ec910>]}
20:23:20.052237 [debug] [MainThread]: Executing "git --help"
20:23:20.057152 [debug] [MainThread]: STDOUT: "b"usage: git [--version] [--help] [-C <path>] [-c <name>=<value>]\n           [--exec-path[=<path>]] [--html-path] [--man-path] [--info-path]\n           [-p | --paginate | -P | --no-pager] [--no-replace-objects] [--bare]\n           [--git-dir=<path>] [--work-tree=<path>] [--namespace=<name>]\n           [--super-prefix=<path>] [--config-env=<name>=<envvar>]\n           <command> [<args>]\n\nThese are common Git commands used in various situations:\n\nstart a working area (see also: git help tutorial)\n   clone             Clone a repository into a new directory\n   init              Create an empty Git repository or reinitialize an existing one\n\nwork on the current change (see also: git help everyday)\n   add               Add file contents to the index\n   mv                Move or rename a file, a directory, or a symlink\n   restore           Restore working tree files\n   rm                Remove files from the working tree and from the index\n   sparse-checkout   Initialize and modify the sparse-checkout\n\nexamine the history and state (see also: git help revisions)\n   bisect            Use binary search to find the commit that introduced a bug\n   diff              Show changes between commits, commit and working tree, etc\n   grep              Print lines matching a pattern\n   log               Show commit logs\n   show              Show various types of objects\n   status            Show the working tree status\n\ngrow, mark and tweak your common history\n   branch            List, create, or delete branches\n   commit            Record changes to the repository\n   merge             Join two or more development histories together\n   rebase            Reapply commits on top of another base tip\n   reset             Reset current HEAD to the specified state\n   switch            Switch branches\n   tag               Create, list, delete or verify a tag object signed with GPG\n\ncollaborate (see also: git help workflows)\n   fetch             Download objects and refs from another repository\n   pull              Fetch from and integrate with another repository or a local branch\n   push              Update remote refs along with associated objects\n\n'git help -a' and 'git help -g' list available subcommands and some\nconcept guides. See 'git help <command>' or 'git help <concept>'\nto read about a specific subcommand or concept.\nSee 'git help git' for an overview of the system.\n""
20:23:20.057802 [debug] [MainThread]: STDERR: "b''"
20:23:20.061647 [debug] [MainThread]: Acquiring new postgres connection "debug"
20:23:20.062292 [debug] [MainThread]: Using postgres connection "debug"
20:23:20.062560 [debug] [MainThread]: On debug: select 1 as id
20:23:20.062815 [debug] [MainThread]: Opening a new connection, currently in state init
20:23:20.076393 [debug] [MainThread]: SQL status: SELECT 1 in 0.01 seconds
20:23:20.078441 [debug] [MainThread]: On debug: Close
20:23:20.082892 [debug] [MainThread]: Sending event: {'category': 'dbt', 'action': 'invocation', 'label': 'end', 'context': [<snowplow_tracker.self_describing_json.SelfDescribingJson object at 0x7f58dfd88250>, <snowplow_tracker.self_describing_json.SelfDescribingJson object at 0x7f58dfd88310>, <snowplow_tracker.self_describing_json.SelfDescribingJson object at 0x7f58dfd887f0>]}
20:23:20.382367 [debug] [MainThread]: Connection 'debug' was properly closed.
